<?xml version="1.0" encoding="UTF-8" standalone="no"?>
<!DOCTYPE log SYSTEM "logger.dtd">
<log>
</log>
<?xml version="1.0" encoding="UTF-8" standalone="no"?>
<!DOCTYPE log SYSTEM "logger.dtd">
<log>
<record>
  <date>2010-03-16T20:06:55</date>
  <millis>1268762815575</millis>
  <sequence>0</sequence>
  <logger>americanoforum</logger>
  <level>ALL</level>
  <class>Main</class>
  <method>main</method>
  <thread>10</thread>
  <message>hila, shalom! </message>
</record>
</log>
<?xml version="1.0" encoding="UTF-8" standalone="no"?>
<!DOCTYPE log SYSTEM "logger.dtd">
<log>
<record>
  <date>2010-03-16T20:13:00</date>
  <millis>1268763180576</millis>
  <sequence>0</sequence>
  <logger>americanoforum</logger>
  <level>ALL</level>
  <class>Main</class>
  <method>main</method>
  <thread>10</thread>
  <message>hila, shalom! </message>
</record>
<record>
  <date>2010-03-16T20:13:17</date>
  <millis>1268763197511</millis>
  <sequence>1</sequence>
  <logger>americanoforum</logger>
  <level>INFO</level>
  <class>forum.server.domainlayer.Forum</class>
  <method>register</method>
  <thread>10</thread>
  <message>Hila has registered</message>
</record>
</log>
<?xml version="1.0" encoding="UTF-8" standalone="no"?>
<!DOCTYPE log SYSTEM "logger.dtd">
<log>
</log>
